<?xml version="1.0" encoding="UTF-8"?>
<testsuite xmlns:xsi="http://www.w3.org/2001/XMLSchema-instance" xsi:noNamespaceSchemaLocation="https://maven.apache.org/surefire/maven-surefire-plugin/xsd/surefire-test-report-3.0.xsd" version="3.0" name="com.cc.interfaceadapters.controllers.CustomerLoanControllerTest" time="0.026" tests="1" errors="0" skipped="0" failures="0">
  <properties>
[...]
</properties>
  <testcase name="Customer_loan_response_mapped_with_actual_loan_details" classname="com.cc.interfaceadapters.controllers.CustomerLoanControllerTest" time="0.025"/>
</testsuite>