<?xml version="1.0" encoding="UTF-8"?>
<testsuite xmlns:xsi="http://www.w3.org/2001/XMLSchema-instance" xsi:noNamespaceSchemaLocation="https://maven.apache.org/surefire/maven-surefire-plugin/xsd/surefire-test-report-3.0.xsd" version="3.0" name="com.cc.entities.CarLoanTest" time="0.007" tests="4" errors="0" skipped="0" failures="0">
  <properties>
[...]
</properties>
  <testcase name="Car_loan_is_created_with_outstanding_amount_same_as_principle_when_no_initial_discount_applied" classname="com.cc.entities.CarLoanTest" time="0.001"/>
  <testcase name="Car_loan_is_created_with_outstanding_amount_less_than_principle_when_initial_discount_applied" classname="com.cc.entities.CarLoanTest" time="0.001"/>
  <testcase name="Customer_checks_the_monthly_payment_amount_to_be_made_against_the_car_loan_taken" classname="com.cc.entities.CarLoanTest" time="0.001"/>
  <testcase name="Car_loan_is_activated_on_current_created_date" classname="com.cc.entities.CarLoanTest" time="0"/>
</testsuite>